d:\code\c++ code\gps\gps\x64\debug\vc143.pdb
d:\code\c++ code\gps\gps\x64\debug\vc143.idb
d:\code\c++ code\gps\gps\x64\debug\matrix.obj
d:\code\c++ code\gps\gps\x64\debug\gps.obj
d:\code\c++ code\gps\gps\x64\debug\filereader.obj
d:\code\c++ code\gps\gps\x64\debug\caculatespp.obj
d:\code\c++ code\gps\gps\x64\debug\caculateposition.obj
d:\code\c++ code\gps\gps\x64\debug\gps.ilk
d:\code\c++ code\gps\x64\debug\gps.exe
d:\code\c++ code\gps\x64\debug\gps.pdb
d:\code\c++ code\gps\gps\x64\debug\gps.res
d:\code\c++ code\gps\gps\x64\debug\gps.tlog\cl.command.1.tlog
d:\code\c++ code\gps\gps\x64\debug\gps.tlog\cl.read.1.tlog
d:\code\c++ code\gps\gps\x64\debug\gps.tlog\cl.write.1.tlog
d:\code\c++ code\gps\gps\x64\debug\gps.tlog\link.command.1.tlog
d:\code\c++ code\gps\gps\x64\debug\gps.tlog\link.read.1.tlog
d:\code\c++ code\gps\gps\x64\debug\gps.tlog\link.write.1.tlog
d:\code\c++ code\gps\gps\x64\debug\gps.tlog\rc.command.1.tlog
d:\code\c++ code\gps\gps\x64\debug\gps.tlog\rc.read.1.tlog
d:\code\c++ code\gps\gps\x64\debug\gps.tlog\rc.write.1.tlog
